0 info it worked if it ends with ok
1 verbose cli [ '/Users/ashafovaloff/.nvm/versions/node/v6.2.2/bin/node',
1 verbose cli   '/Users/ashafovaloff/.nvm/versions/node/v6.2.2/bin/npm',
1 verbose cli   'run',
1 verbose cli   'dev' ]
2 info using npm@3.9.5
3 info using node@v6.2.2
4 verbose run-script [ 'predev', 'dev', 'postdev' ]
5 info lifecycle github-corner@2.0.2~predev: github-corner@2.0.2
6 silly lifecycle github-corner@2.0.2~predev: no script for predev, continuing
7 info lifecycle github-corner@2.0.2~dev: github-corner@2.0.2
8 verbose lifecycle github-corner@2.0.2~dev: unsafe-perm in lifecycle true
9 verbose lifecycle github-corner@2.0.2~dev: PATH: /Users/ashafovaloff/.nvm/versions/node/v6.2.2/lib/node_modules/npm/bin/node-gyp-bin:/Users/ashafovaloff/github/sift/github-corner-element/node_modules/.bin:/Users/ashafovaloff/.nvm/versions/node/v6.2.2/bin:/usr/local/opt/ansible@1.9/bin:/Users/ashafovaloff/.yarn/bin:/Users/ashafovaloff/ephemeral/google-cloud-sdk/bin:/Users/ashafovaloff/.opam/4.02.3/bin:/Users/ashafovaloff/.nvm/versions/node/v6.2.2/bin:/usr/local/bin:/usr/bin:/bin:/usr/sbin:/sbin
10 verbose lifecycle github-corner@2.0.2~dev: CWD: /Users/ashafovaloff/github/sift/github-corner-element
11 silly lifecycle github-corner@2.0.2~dev: Args: [ '-c', 'webpack define.js index.js -p --watch' ]
12 info lifecycle github-corner@2.0.2~dev: Failed to exec dev script
13 verbose stack Error: github-corner@2.0.2 dev: `webpack define.js index.js -p --watch`
13 verbose stack spawn ENOENT
13 verbose stack     at ChildProcess.<anonymous> (/Users/ashafovaloff/.nvm/versions/node/v6.2.2/lib/node_modules/npm/lib/utils/spawn.js:17:16)
13 verbose stack     at emitTwo (events.js:106:13)
13 verbose stack     at ChildProcess.emit (events.js:191:7)
13 verbose stack     at maybeClose (internal/child_process.js:852:16)
13 verbose stack     at Process.ChildProcess._handle.onexit (internal/child_process.js:215:5)
14 verbose pkgid github-corner@2.0.2
15 verbose cwd /Users/ashafovaloff/github/sift/github-corner-element
16 error Darwin 16.4.0
17 error argv "/Users/ashafovaloff/.nvm/versions/node/v6.2.2/bin/node" "/Users/ashafovaloff/.nvm/versions/node/v6.2.2/bin/npm" "run" "dev"
18 error node v6.2.2
19 error npm  v3.9.5
20 error file sh
21 error code ELIFECYCLE
22 error errno ENOENT
23 error syscall spawn
24 error github-corner@2.0.2 dev: `webpack define.js index.js -p --watch`
24 error spawn ENOENT
25 error Failed at the github-corner@2.0.2 dev script 'webpack define.js index.js -p --watch'.
25 error Make sure you have the latest version of node.js and npm installed.
25 error If you do, this is most likely a problem with the github-corner package,
25 error not with npm itself.
25 error Tell the author that this fails on your system:
25 error     webpack define.js index.js -p --watch
25 error You can get information on how to open an issue for this project with:
25 error     npm bugs github-corner
25 error Or if that isn't available, you can get their info via:
25 error     npm owner ls github-corner
25 error There is likely additional logging output above.
26 verbose exit [ 1, true ]
